  format.cc
S:\Summer Projects\FootballC++\src\fmt\format.cc(8,10): fatal error C1083: Cannot open include file: 'fmt/format-inl.h': No such file or directory
  football.cpp
  The contents of <filesystem> are available only with C++17 or later.
S:\Summer Projects\FootballC++\src\gameweek.cpp(13,16): error C2027: use of undefined type 'std::tuple<RotatableTeam,RotatableTeam>'
S:\Summer Projects\FootballC++\src\gameweek.h(12): message : see declaration of 'std::tuple<RotatableTeam,RotatableTeam>'
S:\Summer Projects\FootballC++\src\utils.h(6,21): error C2039: 'filesystem': is not a member of 'std'
S:\Program Files (x86)\Visual Studio\VC\Tools\MSVC\14.32.31326\include\chrono(51): message : see declaration of 'std'
S:\Summer Projects\FootballC++\src\utils.h(6,31): error C2878: 'filesystem': a namespace or class of this name does not exist
S:\Summer Projects\FootballC++\src\utils.h(29,39): error C2653: 'fs': is not a class or namespace name
S:\Summer Projects\FootballC++\src\utils.h(29,43): error C2065: 'path': undeclared identifier
S:\Summer Projects\FootballC++\src\utils.h(29,48): error C2146: syntax error: missing ')' before identifier 'p'
S:\Summer Projects\FootballC++\src\utils.h(29,50): error C2143: syntax error: missing ';' before '{'
S:\Summer Projects\FootballC++\src\utils.h(29,50): error C2447: '{': missing function header (old-style formal list?)
S:\Summer Projects\FootballC++\src\utils.h(44,16): error C2653: 'fs': is not a class or namespace name
S:\Summer Projects\FootballC++\src\utils.h(44,20): error C2065: 'path': undeclared identifier
S:\Summer Projects\FootballC++\src\utils.h(44,25): error C2146: syntax error: missing ')' before identifier 'p'
S:\Summer Projects\FootballC++\src\utils.h(44,27): error C2143: syntax error: missing ';' before '{'
S:\Summer Projects\FootballC++\src\utils.h(44,27): error C2447: '{': missing function header (old-style formal list?)
S:\Summer Projects\FootballC++\src\generate.h(18,55): error C2653: 'fs': is not a class or namespace name
S:\Summer Projects\FootballC++\src\generate.h(18,59): error C3861: 'path': identifier not found
S:\Summer Projects\FootballC++\src\generate.h(18,42): error C3861: 'ReadAllLines': identifier not found
S:\Summer Projects\FootballC++\src\generate.h(19,54): error C2653: 'fs': is not a class or namespace name
S:\Summer Projects\FootballC++\src\generate.h(19,58): error C3861: 'path': identifier not found
S:\Summer Projects\FootballC++\src\generate.h(19,41): error C3861: 'ReadAllLines': identifier not found
S:\Summer Projects\FootballC++\src\generate.h(36,42): error C3861: 'ReadAllLines': identifier not found
S:\Summer Projects\FootballC++\src\generate.h(37,40): error C3861: 'ReadAllLines': identifier not found
S:\Summer Projects\FootballC++\src\football.cpp(32,26): error C2878: 'filesystem': a namespace or class of this name does not exist
S:\Summer Projects\FootballC++\src\football.cpp(38,27): error C2653: 'fs': is not a class or namespace name
S:\Summer Projects\FootballC++\src\football.cpp(38,31): error C2065: 'path': undeclared identifier
S:\Summer Projects\FootballC++\src\football.cpp(38,36): error C2146: syntax error: missing ')' before identifier 'p'
S:\Summer Projects\FootballC++\src\football.cpp(109,27): error C2653: 'fs': is not a class or namespace name
S:\Summer Projects\FootballC++\src\football.cpp(109,31): error C2065: 'path': undeclared identifier
S:\Summer Projects\FootballC++\src\football.cpp(109,36): error C2146: syntax error: missing ')' before identifier 'p'
S:\Summer Projects\FootballC++\src\football.cpp(109,38): error C2143: syntax error: missing ';' before '{'
S:\Summer Projects\FootballC++\src\football.cpp(109,38): error C2447: '{': missing function header (old-style formal list?)
S:\Summer Projects\FootballC++\src\football.cpp(215,12): error C2653: 'fs': is not a class or namespace name
S:\Summer Projects\FootballC++\src\football.cpp(215,16): error C2065: 'path': undeclared identifier
S:\Summer Projects\FootballC++\src\football.cpp(215,5): error C2923: 'std::vector': 'path' is not a valid template type argument for parameter '_Ty'
S:\Summer Projects\FootballC++\src\football.cpp(215): message : see declaration of 'path'
S:\Summer Projects\FootballC++\src\football.cpp(215,5): error C2976: 'std::vector': too few template arguments
S:\Program Files (x86)\Visual Studio\VC\Tools\MSVC\14.32.31326\include\vector(480): message : see declaration of 'std::vector'
S:\Summer Projects\FootballC++\src\football.cpp(215,22): error C2133: 'paths': unknown size
S:\Summer Projects\FootballC++\src\football.cpp(215,22): error C2512: 'std::vector': no appropriate default constructor available
S:\Program Files (x86)\Visual Studio\VC\Tools\MSVC\14.32.31326\include\vector(480,14): message : see declaration of 'std::vector'
S:\Summer Projects\FootballC++\src\football.cpp(218,31): error C2653: 'fs': is not a class or namespace name
S:\Summer Projects\FootballC++\src\football.cpp(218,5): error C2530: 'entry': references must be initialized
S:\Summer Projects\FootballC++\src\football.cpp(218,5): error C3531: 'entry': a symbol whose type contains 'auto' must have an initializer
S:\Summer Projects\FootballC++\src\football.cpp(218,29): error C2143: syntax error: missing ';' before ':'
S:\Summer Projects\FootballC++\src\football.cpp(218,35): error C3861: 'directory_iterator': identifier not found
S:\Summer Projects\FootballC++\src\football.cpp(218,59): error C2143: syntax error: missing ';' before ')'
S:\Summer Projects\FootballC++\src\football.cpp(219,14): error C2663: 'std::vector<_Ty,_Alloc>::push_back': 2 overloads have no legal conversion for 'this' pointer
S:\Summer Projects\FootballC++\src\football.cpp(223,22): error C2663: 'std::vector<_Ty,_Alloc>::_Unchecked_begin': 2 overloads have no legal conversion for 'this' pointer
S:\Summer Projects\FootballC++\src\football.cpp(223,22): error C2663: 'std::vector<_Ty,_Alloc>::_Unchecked_end': 2 overloads have no legal conversion for 'this' pointer
S:\Summer Projects\FootballC++\src\football.cpp(223,28): error C3536: '<begin>$L0': cannot be used before it is initialized
S:\Summer Projects\FootballC++\src\football.cpp(223,28): error C3536: '<end>$L0': cannot be used before it is initialized
S:\Summer Projects\FootballC++\src\football.cpp(223,27): error C2100: illegal indirection
S:\Summer Projects\FootballC++\src\football.cpp(228,35): error C2653: 'fs': is not a class or namespace name
S:\Summer Projects\FootballC++\src\football.cpp(228,9): error C2530: 'entry': references must be initialized
S:\Summer Projects\FootballC++\src\football.cpp(228,9): error C3531: 'entry': a symbol whose type contains 'auto' must have an initializer
S:\Summer Projects\FootballC++\src\football.cpp(228,33): error C2143: syntax error: missing ';' before ':'
S:\Summer Projects\FootballC++\src\football.cpp(228,39): error C3861: 'directory_iterator': identifier not found
S:\Summer Projects\FootballC++\src\football.cpp(228,63): error C2143: syntax error: missing ';' before ')'
S:\Summer Projects\FootballC++\src\football.cpp(230,24): error C3861: 'GenerateRealPlayer': identifier not found
  game.cpp
S:\Summer Projects\FootballC++\src\teamgamestats.h(11,21): error C2065: 'PlayerInGame': undeclared identifier
S:\Summer Projects\FootballC++\src\teamgamestats.h(11,14): error C2923: 'std::vector': 'PlayerInGame' is not a valid template type argument for parameter '_Ty'
S:\Summer Projects\FootballC++\src\teamgamestats.h(11): message : see declaration of 'PlayerInGame'
S:\Summer Projects\FootballC++\src\teamgamestats.h(11,14): error C2976: 'std::vector': too few template arguments
S:\Program Files (x86)\Visual Studio\VC\Tools\MSVC\14.32.31326\include\vector(480): message : see declaration of 'std::vector'
S:\Summer Projects\FootballC++\src\teamgamestats.h(30,48): error C2512: 'std::vector': no appropriate default constructor available
S:\Program Files (x86)\Visual Studio\VC\Tools\MSVC\14.32.31326\include\vector(480,14): message : see declaration of 'std::vector'
  gameweek.cpp
S:\Summer Projects\FootballC++\src\gameweek.cpp(13,16): error C2027: use of undefined type 'std::tuple<RotatableTeam,RotatableTeam>'
S:\Summer Projects\FootballC++\src\gameweek.h(12): message : see declaration of 'std::tuple<RotatableTeam,RotatableTeam>'
  goal.cpp
  legacymenu.cpp
  logitem.cpp
  player.cpp
  playeringame.cpp
  playerseasonstats.cpp
  rotatableteam.cpp
  The contents of <filesystem> are available only with C++17 or later.
  team.cpp
  The contents of <filesystem> are available only with C++17 or later.
  teamgamestats.cpp
S:\Summer Projects\FootballC++\src\teamgamestats.h(11,14): error C2039: 'vector': is not a member of 'std'
S:\Program Files (x86)\Visual Studio\VC\Tools\MSVC\14.32.31326\include\locale(25): message : see declaration of 'std'
S:\Summer Projects\FootballC++\src\teamgamestats.h(11,20): error C2143: syntax error: missing ';' before '<'
S:\Summer Projects\FootballC++\src\teamgamestats.h(11,20): error C4430: missing type specifier - int assumed. Note: C++ does not support default-int
S:\Summer Projects\FootballC++\src\teamgamestats.h(11,42): error C2238: unexpected token(s) preceding ';'
  teamseasonstats.cpp
  Generating Code...
